<?xml version="1.0" encoding="UTF-8"?>
<beans xmlns="http://www.springframework.org/schema/beans"
	xmlns:xsi="http://www.w3.org/2001/XMLSchema-instance" xmlns:aop="http://www.springframework.org/schema/aop"
	xmlns:context="http://www.springframework.org/schema/context"
	
	xsi:schemaLocation="http://www.springframework.org/schema/beans http://www.springframework.org/schema/beans/spring-beans.xsd
        		http://www.springframework.org/schema/aop http://www.springframework.org/schema/aop/spring-aop.xsd
                http://www.springframework.org/schema/context http://www.springframework.org/schema/context/spring-context.xsd
                ">


	<context:component-scan base-package="com.gs.sample" >
	  <context:exclude-filter type="annotation" expression="org.springframework.stereotype.Repository"/>
	</context:component-scan>
	<aop:config />
	<aop:aspectj-autoproxy>
		<aop:include name="indianaJonesAspect" />
	</aop:aspectj-autoproxy>
	<context:load-time-weaver weaver-class="org.springframework.instrument.classloading.InstrumentationLoadTimeWeaver"/>
	<!-- <bean class="com.gs.sample.pojo.LegoIndianaJonesPojo" scope="prototype"/> -->
	<bean id="jed" class="com.gs.sample.pojo.LegoIndianaJonesPojo" depends-on="legoService"
		scope="prototype">
		<property name="legoService" ref="legoService" />
	</bean>
	
	<context:spring-configured/>
	<!-- 
	<bean id="jed" class="com.gs.sample.pojo.LegoIndianaJonesPojo" depends-on="legoService"
		scope="prototype">
		<property name="legoService" ref="legoService" />
	</bean>
	 -->
<!-- 	
In order for the following to succeed it seems we need the -javaagent:/path/to/inst.jar flag (config on surefire plugin or elsewhere)
<context:load-time-weaver aspectj-weaving="on"/>
 -->
</beans>          